<?xml version="1.0" encoding="UTF-8"?>
<!-- Generated by org.testng.reporters.JUnitReportReporter -->
<testsuite hostname="user16" failures="0" tests="1" name="TestScripts.WebTableTest" time="8.732" errors="0" timestamp="2024-10-30T10:32:28 IST" skipped="0">
  <testcase classname="TestScripts.WebTableTest" name="VerifyBookDetails" time="8.732"/>
  <system-out/>
</testsuite> <!-- TestScripts.WebTableTest -->
